<?xml version="1.0" encoding="UTF-8"?>
<!-- Generated by org.testng.reporters.JUnitXMLReporter -->
<testsuite ignored="2" hostname="DESKTOP-O8S5GCU" failures="0" tests="1" name="AutomationFramework" time="55.881" errors="0" timestamp="09 Jul 2021 18:50:23 GMT">
  <testcase classname="com.edu.frameworktest.test.ContactsPageTest" name="validateCreateNewContact" time="10.172"/>
  <testcase classname="com.edu.frameworktest.test.ContactsPageTest" name="verifyConatctsPageLabelTest" time="0.0">
    <ignored/>
  </testcase> <!-- verifyConatctsPageLabelTest -->
  <testcase classname="com.edu.frameworktest.test.ContactsPageTest" name="selectContactTest" time="0.0">
    <ignored/>
  </testcase> <!-- selectContactTest -->
</testsuite> <!-- AutomationFramework -->
