<?xml version="1.0" encoding="UTF-8"?>
<testng-results ignored="2" total="3" passed="1" failed="0" skipped="0">
  <reporter-output>
  </reporter-output>
  <suite started-at="2021-07-09T18:49:27Z" name="Default Suite" finished-at="2021-07-09T18:50:23Z" duration-ms="55881">
    <groups>
    </groups>
    <test started-at="2021-07-09T18:49:27Z" name="AutomationFramework" finished-at="2021-07-09T18:50:23Z" duration-ms="55881">
      <class name="com.edu.frameworktest.test.ContactsPageTest">
        <test-method is-config="true" signature="setup()[pri:0, instance:com.edu.frameworktest.test.ContactsPageTest@6dde5c8c]" started-at="2021-07-09T18:49:27Z" name="setup" finished-at="2021-07-09T18:50:10Z" duration-ms="43103" status="PASS">
          <reporter-output>
          </reporter-output>
        </test-method> <!-- setup -->
        <test-method signature="validateCreateNewContact()[pri:2, instance:com.edu.frameworktest.test.ContactsPageTest@6dde5c8c]" started-at="2021-07-09T18:50:10Z" name="validateCreateNewContact" finished-at="2021-07-09T18:50:20Z" duration-ms="10172" status="PASS">
          <reporter-output>
          </reporter-output>
        </test-method> <!-- validateCreateNewContact -->
        <test-method is-config="true" signature="teardown()[pri:0, instance:com.edu.frameworktest.test.ContactsPageTest@6dde5c8c]" started-at="2021-07-09T18:50:20Z" name="teardown" finished-at="2021-07-09T18:50:23Z" duration-ms="2397" status="PASS">
          <reporter-output>
          </reporter-output>
        </test-method> <!-- teardown -->
      </class> <!-- com.edu.frameworktest.test.ContactsPageTest -->
    </test> <!-- AutomationFramework -->
  </suite> <!-- Default Suite -->
</testng-results>
